<?xml version="1.0" encoding="UTF-8"?>
<!-- Generated by org.testng.reporters.JUnitXMLReporter -->
<testsuite ignored="6" hostname="DESKTOP-4T26L2U" failures="0" tests="1" name="Test" time="7.169" errors="0" timestamp="2022-01-25T00:30:11 CET">
  <testcase classname="biya.acharya" name="coordsLines" time="7.12"/>
  <testcase classname="biya.acharya" name="alag" time="0.0">
    <ignored/>
  </testcase> <!-- alag -->
  <testcase classname="biya.acharya" name="Metrics_zip" time="0.0">
    <ignored/>
  </testcase> <!-- Metrics_zip -->
  <testcase classname="biya.acharya" name="weatherWithMetrics" time="0.0">
    <ignored/>
  </testcase> <!-- weatherWithMetrics -->
  <testcase classname="biya.acharya" name="Metrics_locId" time="0.0">
    <ignored/>
  </testcase> <!-- Metrics_locId -->
  <testcase classname="biya.acharya" name="Metrics_coords" time="0.0">
    <ignored/>
  </testcase> <!-- Metrics_coords -->
  <testcase classname="biya.acharya" name="negativeTesting404" time="0.0">
    <ignored/>
  </testcase> <!-- negativeTesting404 -->
</testsuite> <!-- Test -->
