<?xml version="1.0" encoding="UTF-8"?>
<!-- Generated by org.testng.reporters.JUnitXMLReporter -->
<testsuite ignored="3" hostname="DESKTOP-4T26L2U" failures="0" tests="2" name="Test" time="2.798" errors="0" timestamp="2022-02-09T21:56:50 CET">
  <testcase classname="zipCode.indianZipCode" name="zipDENrw" time="2.458"/>
  <testcase classname="zipCode.indianZipCode" name="sameCityAPI" time="0.292"/>
  <testcase classname="zipCode.indianZipCode" name="hardCodeZip" time="0.0">
    <ignored/>
  </testcase> <!-- hardCodeZip -->
  <testcase classname="zipCode.indianZipCode" name="inwalahidApiKey401" time="0.0">
    <ignored/>
  </testcase> <!-- inwalahidApiKey401 -->
  <testcase classname="zipCode.indianZipCode" name="zipUSOklahama" time="0.0">
    <ignored/>
  </testcase> <!-- zipUSOklahama -->
</testsuite> <!-- Test -->
