<?xml version="1.0" encoding="UTF-8"?>
<!-- Generated by org.testng.reporters.JUnitXMLReporter -->
<testsuite ignored="6" hostname="DESKTOP-4T26L2U" failures="0" tests="1" name="Test" time="3.114" errors="0" timestamp="2022-02-09T23:52:13 CET">
  <testcase classname="zipCode.indianZipCode" name="zipDENrw" time="3.081"/>
  <testcase classname="zipCode.indianZipCode" name="hardCodeZip" time="0.0">
    <ignored/>
  </testcase> <!-- hardCodeZip -->
  <testcase classname="zipCode.indianZipCode" name="responseBodyvalidator" time="0.0">
    <ignored/>
  </testcase> <!-- responseBodyvalidator -->
  <testcase classname="zipCode.indianZipCode" name="resBodyBase" time="0.0">
    <ignored/>
  </testcase> <!-- resBodyBase -->
  <testcase classname="zipCode.indianZipCode" name="sameCityAPI" time="0.0">
    <ignored/>
  </testcase> <!-- sameCityAPI -->
  <testcase classname="zipCode.indianZipCode" name="inwalahidApiKey401" time="0.0">
    <ignored/>
  </testcase> <!-- inwalahidApiKey401 -->
  <testcase classname="zipCode.indianZipCode" name="zipUSOklahama" time="0.0">
    <ignored/>
  </testcase> <!-- zipUSOklahama -->
</testsuite> <!-- Test -->
