<?xml version="1.0" encoding="UTF-8"?>
<testng-results ignored="0" total="1" passed="1" failed="0" skipped="0">
  <reporter-output>
  </reporter-output>
  <suite started-at="2022-01-04T23:39:39 CET" name="Default suite" finished-at="2022-01-04T23:39:45 CET" duration-ms="6755">
    <groups>
    </groups>
    <test started-at="2022-01-04T23:39:39 CET" name="Default test" finished-at="2022-01-04T23:39:45 CET" duration-ms="6755">
      <class name="afcon.cameroon">
        <test-method signature="SeBasicWeatherApp()[pri:0, instance:afcon.cameroon@71def8f8]" started-at="2022-01-04T23:39:39 CET" name="SeBasicWeatherApp" finished-at="2022-01-04T23:39:45 CET" duration-ms="6709" status="PASS">
          <reporter-output>
          </reporter-output>
        </test-method> <!-- SeBasicWeatherApp -->
      </class> <!-- afcon.cameroon -->
    </test> <!-- Default test -->
  </suite> <!-- Default suite -->
</testng-results>
